warning: failed to load external entity "xml/exercise.xsl"
cannot parse xml/exercise.xsl
warning: failed to load external entity "xml/exercise.xsl"
cannot parse xml/exercise.xsl
warning: failed to load external entity "xml/exercise.xsl"
cannot parse xml/exercise.xsl
warning: failed to load external entity "xml/exercise.xsl"
cannot parse xml/exercise.xsl
warning: failed to load external entity "xml/exercise.xsl"
cannot parse xml/exercise.xsl
warning: failed to load external entity "xml/exercise.xsl"
cannot parse xml/exercise.xsl
warning: failed to load external entity "xml/exercise.xsl"
cannot parse xml/exercise.xsl
warning: failed to load external entity "xml/exercise.xsl"
cannot parse xml/exercise.xsl
warning: failed to load external entity "xml/exercise.xsl"
cannot parse xml/exercise.xsl
warning: failed to load external entity "xml/exercise.xsl"
cannot parse xml/exercise.xsl
warning: failed to load external entity "xml/exercise.xsl"
cannot parse xml/exercise.xsl
warning: failed to load external entity "xml/exercise.xsl"
cannot parse xml/exercise.xsl
warning: failed to load external entity "xml/exercise.xsl"
cannot parse xml/exercise.xsl
warning: failed to load external entity "xml/exercise.xsl"
cannot parse xml/exercise.xsl
warning: failed to load external entity "xml/exercise.xsl"
cannot parse xml/exercise.xsl
warning: failed to load external entity "xml/exercise.xsl"
cannot parse xml/exercise.xsl
warning: failed to load external entity "xml/exercise.xsl"
cannot parse xml/exercise.xsl
warning: failed to load external entity "xml/exercise.xsl"
cannot parse xml/exercise.xsl
warning: failed to load external entity "xml/exercise.xsl"
cannot parse xml/exercise.xsl
warning: failed to load external entity "xml/exercise.xsl"
cannot parse xml/exercise.xsl
warning: failed to load external entity "xml/exercise.xsl"
cannot parse xml/exercise.xsl
warning: failed to load external entity "xml/exercise.xsl"
cannot parse xml/exercise.xsl
warning: failed to load external entity "xml/exercise.xsl"
cannot parse xml/exercise.xsl
warning: failed to load external entity "xml/exercise.xsl"
cannot parse xml/exercise.xsl
warning: failed to load external entity "xml/exercise.xsl"
cannot parse xml/exercise.xsl
warning: failed to load external entity "xml/exercise.xsl"
cannot parse xml/exercise.xsl
warning: failed to load external entity "xml/exercise.xsl"
cannot parse xml/exercise.xsl
warning: failed to load external entity "xml/exercise.xsl"
cannot parse xml/exercise.xsl
warning: failed to load external entity "xml/exercise.xsl"
cannot parse xml/exercise.xsl
warning: failed to load external entity "xml/exercise.xsl"
cannot parse xml/exercise.xsl
warning: failed to load external entity "xml/exercise.xsl"
cannot parse xml/exercise.xsl
warning: failed to load external entity "xml/exercise.xsl"
cannot parse xml/exercise.xsl
warning: failed to load external entity "xml/exercise.xsl"
cannot parse xml/exercise.xsl
warning: failed to load external entity "xml/exercise.xsl"
cannot parse xml/exercise.xsl
warning: failed to load external entity "xml/exercise.xsl"
cannot parse xml/exercise.xsl
warning: failed to load external entity "xml/exercise.xsl"
cannot parse xml/exercise.xsl
warning: failed to load external entity "xml/exercise.xsl"
cannot parse xml/exercise.xsl
warning: failed to load external entity "xml/exercise.xsl"
cannot parse xml/exercise.xsl
warning: failed to load external entity "xml/exercise.xsl"
cannot parse xml/exercise.xsl
warning: failed to load external entity "xml/exercise.xsl"
cannot parse xml/exercise.xsl
warning: failed to load external entity "xml/exercise.xsl"
cannot parse xml/exercise.xsl
warning: failed to load external entity "xml/exercise.xsl"
cannot parse xml/exercise.xsl
warning: failed to load external entity "xml/exercise.xsl"
cannot parse xml/exercise.xsl
warning: failed to load external entity "xml/exercise.xsl"
cannot parse xml/exercise.xsl
warning: failed to load external entity "xml/exercise.xsl"
cannot parse xml/exercise.xsl
warning: failed to load external entity "xml/exercise.xsl"
cannot parse xml/exercise.xsl
warning: failed to load external entity "xml/exercise.xsl"
cannot parse xml/exercise.xsl
warning: failed to load external entity "xml/exercise.xsl"
cannot parse xml/exercise.xsl
warning: failed to load external entity "xml/exercise.xsl"
cannot parse xml/exercise.xsl
warning: failed to load external entity "xml/exercise.xsl"
cannot parse xml/exercise.xsl
warning: failed to load external entity "xml/exercise.xsl"
cannot parse xml/exercise.xsl
warning: failed to load external entity "xml/exercise.xsl"
cannot parse xml/exercise.xsl
warning: failed to load external entity "xml/exercise.xsl"
cannot parse xml/exercise.xsl
warning: failed to load external entity "xml/exercise.xsl"
cannot parse xml/exercise.xsl
warning: failed to load external entity "xml/exercise.xsl"
cannot parse xml/exercise.xsl
warning: failed to load external entity "xml/exercise.xsl"
cannot parse xml/exercise.xsl
warning: failed to load external entity "xml/exercise.xsl"
cannot parse xml/exercise.xsl
warning: failed to load external entity "-o"
unable to parse -o
xc/01.02.xml.html:5: parser error : Extra content at the end of the document
		 <span class="hide-xs" title="Size: S">(S)</span></button></p><div class="mod
		                                                               ^
unable to parse xc/01.02.xml.html
warning: failed to load external entity "-o"
unable to parse -o
xc/01.03.xml.html:5: parser error : Extra content at the end of the document
		 <span class="hide-xs" title="Size: S">(S)</span></button></p><div class="mod
		                                                               ^
unable to parse xc/01.03.xml.html
warning: failed to load external entity "-o"
unable to parse -o
xc/02.01.xml.html:5: parser error : Extra content at the end of the document
		 <span class="hide-xs" title="Size: M">(M)</span></button></p><div class="mod
		                                                               ^
unable to parse xc/02.01.xml.html
warning: failed to load external entity "-o"
unable to parse -o
xc/02.02.xml.html:5: parser error : Extra content at the end of the document
		 <span class="hide-xs" title="Size: L">(L)</span></button></p><div class="mod
		                                                               ^
unable to parse xc/02.02.xml.html
warning: failed to load external entity "-o"
unable to parse -o
xc/02.03.xml.html:5: parser error : Extra content at the end of the document
		 <span class="hide-xs" title="Size: XL">(XL)</span></button></p><div class="m
		                                                                 ^
unable to parse xc/02.03.xml.html
warning: failed to load external entity "-o"
unable to parse -o
xc/03.01.xml.html:5: parser error : Extra content at the end of the document
		 <span class="hide-xs" title="Size: S">(S)</span></button></p><div class="mod
		                                                               ^
unable to parse xc/03.01.xml.html
warning: failed to load external entity "-o"
unable to parse -o
xc/03.02.xml.html:5: parser error : Extra content at the end of the document
		 <span class="hide-xs" title="Size: S">(S)</span></button></p><div class="mod
		                                                               ^
unable to parse xc/03.02.xml.html
warning: failed to load external entity "-o"
unable to parse -o
xc/03.03.xml.html:5: parser error : Extra content at the end of the document
		 <span class="hide-xs" title="Size: S">(S)</span></button></p><div class="mod
		                                                               ^
unable to parse xc/03.03.xml.html
warning: failed to load external entity "-o"
unable to parse -o
xc/03.04.xml.html:5: parser error : Extra content at the end of the document
		 <span class="hide-xs" title="Size: S">(S)</span></button></p><div class="mod
		                                                               ^
unable to parse xc/03.04.xml.html
warning: failed to load external entity "-o"
unable to parse -o
xc/04.01.xml.html:5: parser error : Extra content at the end of the document
		 <span class="hide-xs" title="Size: S">(S)</span></button></p><div class="mod
		                                                               ^
unable to parse xc/04.01.xml.html
warning: failed to load external entity "-o"
unable to parse -o
xc/04.02.xml.html:5: parser error : Extra content at the end of the document
		 <span class="hide-xs" title="Size: S">(S)</span></button></p><div class="mod
		                                                               ^
unable to parse xc/04.02.xml.html
warning: failed to load external entity "-o"
unable to parse -o
xc/04.03.xml.html:5: parser error : Extra content at the end of the document
		 <span class="hide-xs" title="Size: S">(S)</span></button></p><div class="mod
		                                                               ^
unable to parse xc/04.03.xml.html
warning: failed to load external entity "-o"
unable to parse -o
xc/04.04.xml.html:5: parser error : Extra content at the end of the document
		 <span class="hide-xs" title="Size: S">(S)</span></button></p><div class="mod
		                                                               ^
unable to parse xc/04.04.xml.html
warning: failed to load external entity "-o"
unable to parse -o
xc/04.05.xml.html:5: parser error : Extra content at the end of the document
		 <span class="hide-xs" title="Size: S">(S)</span></button></p><div class="mod
		                                                               ^
unable to parse xc/04.05.xml.html
warning: failed to load external entity "-o"
unable to parse -o
xc/04.06.xml.html:5: parser error : Extra content at the end of the document
		 <span class="hide-xs" title="Size: M">(M)</span></button></p><div class="mod
		                                                               ^
unable to parse xc/04.06.xml.html
warning: failed to load external entity "-o"
unable to parse -o
xc/05.01.xml.html:5: parser error : Extra content at the end of the document
		 <span class="hide-xs" title="Size: S">(S)</span></button></p><div class="mod
		                                                               ^
unable to parse xc/05.01.xml.html
warning: failed to load external entity "-o"
unable to parse -o
xc/05.02.xml.html:5: parser error : Extra content at the end of the document
		 <span class="hide-xs" title="Size: S">(S)</span></button></p><div class="mod
		                                                               ^
unable to parse xc/05.02.xml.html
warning: failed to load external entity "-o"
unable to parse -o
xc/05.03.xml.html:5: parser error : Extra content at the end of the document
		 <span class="hide-xs" title="Size: S">(S)</span></button></p><div class="mod
		                                                               ^
unable to parse xc/05.03.xml.html
warning: failed to load external entity "-o"
unable to parse -o
xc/05.04.xml.html:5: parser error : Extra content at the end of the document
		 <span class="hide-xs" title="Size: S">(S)</span></button></p><div class="mod
		                                                               ^
unable to parse xc/05.04.xml.html
warning: failed to load external entity "-o"
unable to parse -o
xc/05.05.xml.html:5: parser error : Extra content at the end of the document
		 <span class="hide-xs" title="Size: S">(S)</span></button></p><div class="mod
		                                                               ^
unable to parse xc/05.05.xml.html
warning: failed to load external entity "-o"
unable to parse -o
xc/05.06.xml.html:5: parser error : Extra content at the end of the document
		 <span class="hide-xs" title="Size: S">(S)</span></button></p><div class="mod
		                                                               ^
unable to parse xc/05.06.xml.html
warning: failed to load external entity "-o"
unable to parse -o
xc/05.09.xml.html:5: parser error : Extra content at the end of the document
		 <span class="hide-xs" title="Size: L">(L)</span></button></p><div class="mod
		                                                               ^
unable to parse xc/05.09.xml.html
warning: failed to load external entity "-o"
unable to parse -o
xc/05.10.xml.html:5: parser error : Extra content at the end of the document
		 <span class="hide-xs" title="Size: M">(M)</span></button></p><div class="mod
		                                                               ^
unable to parse xc/05.10.xml.html
warning: failed to load external entity "-o"
unable to parse -o
xc/06.01.xml.html:5: parser error : Extra content at the end of the document
		 <span class="hide-xs" title="Size: S">(S)</span></button></p><div class="mod
		                                                               ^
unable to parse xc/06.01.xml.html
warning: failed to load external entity "-o"
unable to parse -o
xc/06.02.xml.html:5: parser error : Extra content at the end of the document
		 <span class="hide-xs" title="Size: S">(S)</span></button></p><div class="mod
		                                                               ^
unable to parse xc/06.02.xml.html
warning: failed to load external entity "-o"
unable to parse -o
xc/06.03.xml.html:5: parser error : Extra content at the end of the document
		 <span class="hide-xs" title="Size: S">(S)</span></button></p><div class="mod
		                                                               ^
unable to parse xc/06.03.xml.html
warning: failed to load external entity "-o"
unable to parse -o
xc/06.05.xml.html:5: parser error : Extra content at the end of the document
		 <span class="hide-xs" title="Size: M">(M)</span></button></p><div class="mod
		                                                               ^
unable to parse xc/06.05.xml.html
warning: failed to load external entity "-o"
unable to parse -o
xc/06.06.xml.html:5: parser error : Extra content at the end of the document
		 <span class="hide-xs" title="Size: S">(S)</span></button></p><div class="mod
		                                                               ^
unable to parse xc/06.06.xml.html
warning: failed to load external entity "-o"
unable to parse -o
xc/06.07.xml.html:5: parser error : Extra content at the end of the document
		 <span class="hide-xs" title="Size: M">(M)</span></button></p><div class="mod
		                                                               ^
unable to parse xc/06.07.xml.html
warning: failed to load external entity "-o"
unable to parse -o
xc/06.08.xml.html:5: parser error : Extra content at the end of the document
		 <span class="hide-xs" title="Size: M">(M)</span></button></p><div class="mod
		                                                               ^
unable to parse xc/06.08.xml.html
warning: failed to load external entity "-o"
unable to parse -o
xc/06.09.xml.html:5: parser error : Extra content at the end of the document
		 <span class="hide-xs" title="Size: L">(L)</span></button></p><div class="mod
		                                                               ^
unable to parse xc/06.09.xml.html
warning: failed to load external entity "-o"
unable to parse -o
xc/07.01.xml.html:5: parser error : Extra content at the end of the document
		 <span class="hide-xs" title="Size: S">(S)</span></button></p><div class="mod
		                                                               ^
unable to parse xc/07.01.xml.html
warning: failed to load external entity "-o"
unable to parse -o
xc/07.02.xml.html:5: parser error : Extra content at the end of the document
		 <span class="hide-xs" title="Size: S">(S)</span></button></p><div class="mod
		                                                               ^
unable to parse xc/07.02.xml.html
warning: failed to load external entity "-o"
unable to parse -o
xc/07.03.xml.html:5: parser error : Extra content at the end of the document
		 <span class="hide-xs" title="Size: S">(S)</span></button></p><div class="mod
		                                                               ^
unable to parse xc/07.03.xml.html
warning: failed to load external entity "-o"
unable to parse -o
xc/07.04.xml.html:5: parser error : Extra content at the end of the document
		 <span class="hide-xs" title="Size: S">(S)</span></button></p><div class="mod
		                                                               ^
unable to parse xc/07.04.xml.html
warning: failed to load external entity "-o"
unable to parse -o
xc/07.05.xml.html:5: parser error : Extra content at the end of the document
		 <span class="hide-xs" title="Size: M">(M)</span></button></p><div class="mod
		                                                               ^
unable to parse xc/07.05.xml.html
warning: failed to load external entity "-o"
unable to parse -o
xc/07.06.xml.html:5: parser error : Extra content at the end of the document
		 <span class="hide-xs" title="Size: L">(L)</span></button></p><div class="mod
		                                                               ^
unable to parse xc/07.06.xml.html
warning: failed to load external entity "-o"
unable to parse -o
xc/07.07.xml.html:5: parser error : Extra content at the end of the document
		 <span class="hide-xs" title="Size: S">(S)</span></button></p><div class="mod
		                                                               ^
unable to parse xc/07.07.xml.html
warning: failed to load external entity "-o"
unable to parse -o
xc/07.08.xml.html:5: parser error : Extra content at the end of the document
		 <span class="hide-xs" title="Size: M">(M)</span></button></p><div class="mod
		                                                               ^
unable to parse xc/07.08.xml.html
warning: failed to load external entity "-o"
unable to parse -o
xc/07.09.xml.html:5: parser error : Extra content at the end of the document
		 <span class="hide-xs" title="Size: M">(M)</span></button></p><div class="mod
		                                                               ^
unable to parse xc/07.09.xml.html
warning: failed to load external entity "-o"
unable to parse -o
xc/07.10.xml.html:5: parser error : Extra content at the end of the document
		 <span class="hide-xs" title="Size: L">(L)</span></button></p><div class="mod
		                                                               ^
unable to parse xc/07.10.xml.html
warning: failed to load external entity "-o"
unable to parse -o
xc/08.01.xml.html:5: parser error : Extra content at the end of the document
		 <span class="hide-xs" title="Size: S">(S)</span></button></p><div class="mod
		                                                               ^
unable to parse xc/08.01.xml.html
warning: failed to load external entity "-o"
unable to parse -o
xc/08.02.xml.html:5: parser error : Extra content at the end of the document
		 <span class="hide-xs" title="Size: S">(S)</span></button></p><div class="mod
		                                                               ^
unable to parse xc/08.02.xml.html
warning: failed to load external entity "-o"
unable to parse -o
xc/08.03.xml.html:5: parser error : Extra content at the end of the document
		 <span class="hide-xs" title="Size: S">(S)</span></button></p><div class="mod
		                                                               ^
unable to parse xc/08.03.xml.html
warning: failed to load external entity "-o"
unable to parse -o
xc/08.04.xml.html:5: parser error : Extra content at the end of the document
		 <span class="hide-xs" title="Size: M">(M)</span></button></p><div class="mod
		                                                               ^
unable to parse xc/08.04.xml.html
warning: failed to load external entity "-o"
unable to parse -o
xc/08.05.xml.html:5: parser error : Extra content at the end of the document
		 <span class="hide-xs" title="Size: M">(M)</span></button></p><div class="mod
		                                                               ^
unable to parse xc/08.05.xml.html
warning: failed to load external entity "-o"
unable to parse -o
xc/08.06.xml.html:5: parser error : Extra content at the end of the document
		 <span class="hide-xs" title="Size: L">(L)</span></button></p><div class="mod
		                                                               ^
unable to parse xc/08.06.xml.html
warning: failed to load external entity "-o"
unable to parse -o
xc/08.07.xml.html:5: parser error : Extra content at the end of the document
		 <span class="hide-xs" title="Size: M">(M)</span></button></p><div class="mod
		                                                               ^
unable to parse xc/08.07.xml.html
warning: failed to load external entity "-o"
unable to parse -o
xc/08.08.xml.html:5: parser error : Extra content at the end of the document
		 <span class="hide-xs" title="Size: M">(M)</span></button></p><div class="mod
		                                                               ^
unable to parse xc/08.08.xml.html
warning: failed to load external entity "-o"
unable to parse -o
xc/09.01.xml.html:5: parser error : Extra content at the end of the document
		 <span class="hide-xs" title="Size: S">(S)</span></button></p><div class="mod
		                                                               ^
unable to parse xc/09.01.xml.html
warning: failed to load external entity "-o"
unable to parse -o
xc/09.02.xml.html:5: parser error : Extra content at the end of the document
		 <span class="hide-xs" title="Size: S">(S)</span></button></p><div class="mod
		                                                               ^
unable to parse xc/09.02.xml.html
warning: failed to load external entity "-o"
unable to parse -o
xc/09.04.xml.html:5: parser error : Extra content at the end of the document
		 <span class="hide-xs" title="Size: S">(S)</span></button></p><div class="mod
		                                                               ^
unable to parse xc/09.04.xml.html
warning: failed to load external entity "-o"
unable to parse -o
xc/09.05.xml.html:5: parser error : Extra content at the end of the document
		 <span class="hide-xs" title="Size: M">(M)</span></button></p><div class="mod
		                                                               ^
unable to parse xc/09.05.xml.html
warning: failed to load external entity "-o"
unable to parse -o
xc/09.06.xml.html:5: parser error : Extra content at the end of the document
		 <span class="hide-xs" title="Size: M">(M)</span></button></p><div class="mod
		                                                               ^
unable to parse xc/09.06.xml.html
warning: failed to load external entity "-o"
unable to parse -o
xc/09.07.xml.html:5: parser error : Extra content at the end of the document
		 <span class="hide-xs" title="Size: M">(M)</span></button></p><div class="mod
		                                                               ^
unable to parse xc/09.07.xml.html
warning: failed to load external entity "-o"
unable to parse -o
xc/09.08.xml.html:5: parser error : Extra content at the end of the document
		 <span class="hide-xs" title="Size: L">(L)</span></button></p><div class="mod
		                                                               ^
unable to parse xc/09.08.xml.html
warning: failed to load external entity "-o"
unable to parse -o
xc/example.xml.html:5: parser error : Extra content at the end of the document
		 <span class="hide-xs" title="Size: S">(S)</span></button></p><div class="mod
		                                                               ^
unable to parse xc/example.xml.html
warning: failed to load external entity "-o"
unable to parse -o
xc/01.02.xml.html:4: parser error : Extra content at the end of the document
		 <span class="hide-xs" title="Size: S">(S)</span></button></p><div class="mod
		                                                               ^
unable to parse xc/01.02.xml.html
warning: failed to load external entity "-o"
unable to parse -o
xc/01.03.xml.html:4: parser error : Extra content at the end of the document
		 <span class="hide-xs" title="Size: S">(S)</span></button></p><div class="mod
		                                                               ^
unable to parse xc/01.03.xml.html
warning: failed to load external entity "-o"
unable to parse -o
xc/02.01.xml.html:4: parser error : Extra content at the end of the document
		 <span class="hide-xs" title="Size: M">(M)</span></button></p><div class="mod
		                                                               ^
unable to parse xc/02.01.xml.html
warning: failed to load external entity "-o"
unable to parse -o
xc/02.02.xml.html:4: parser error : Extra content at the end of the document
		 <span class="hide-xs" title="Size: L">(L)</span></button></p><div class="mod
		                                                               ^
unable to parse xc/02.02.xml.html
warning: failed to load external entity "-o"
unable to parse -o
xc/02.03.xml.html:4: parser error : Extra content at the end of the document
		 <span class="hide-xs" title="Size: XL">(XL)</span></button></p><div class="m
		                                                                 ^
unable to parse xc/02.03.xml.html
warning: failed to load external entity "-o"
unable to parse -o
xc/03.01.xml.html:4: parser error : Extra content at the end of the document
		 <span class="hide-xs" title="Size: S">(S)</span></button></p><div class="mod
		                                                               ^
unable to parse xc/03.01.xml.html
warning: failed to load external entity "-o"
unable to parse -o
xc/03.02.xml.html:4: parser error : Extra content at the end of the document
		 <span class="hide-xs" title="Size: S">(S)</span></button></p><div class="mod
		                                                               ^
unable to parse xc/03.02.xml.html
warning: failed to load external entity "-o"
unable to parse -o
xc/03.03.xml.html:4: parser error : Extra content at the end of the document
		 <span class="hide-xs" title="Size: S">(S)</span></button></p><div class="mod
		                                                               ^
unable to parse xc/03.03.xml.html
warning: failed to load external entity "-o"
unable to parse -o
xc/03.04.xml.html:4: parser error : Extra content at the end of the document
		 <span class="hide-xs" title="Size: S">(S)</span></button></p><div class="mod
		                                                               ^
unable to parse xc/03.04.xml.html
warning: failed to load external entity "-o"
unable to parse -o
xc/04.01.xml.html:4: parser error : Extra content at the end of the document
		 <span class="hide-xs" title="Size: S">(S)</span></button></p><div class="mod
		                                                               ^
unable to parse xc/04.01.xml.html
warning: failed to load external entity "-o"
unable to parse -o
xc/04.02.xml.html:4: parser error : Extra content at the end of the document
		 <span class="hide-xs" title="Size: S">(S)</span></button></p><div class="mod
		                                                               ^
unable to parse xc/04.02.xml.html
warning: failed to load external entity "-o"
unable to parse -o
xc/04.03.xml.html:4: parser error : Extra content at the end of the document
		 <span class="hide-xs" title="Size: S">(S)</span></button></p><div class="mod
		                                                               ^
unable to parse xc/04.03.xml.html
warning: failed to load external entity "-o"
unable to parse -o
xc/04.04.xml.html:4: parser error : Extra content at the end of the document
		 <span class="hide-xs" title="Size: S">(S)</span></button></p><div class="mod
		                                                               ^
unable to parse xc/04.04.xml.html
warning: failed to load external entity "-o"
unable to parse -o
xc/04.05.xml.html:4: parser error : Extra content at the end of the document
		 <span class="hide-xs" title="Size: S">(S)</span></button></p><div class="mod
		                                                               ^
unable to parse xc/04.05.xml.html
warning: failed to load external entity "-o"
unable to parse -o
xc/04.06.xml.html:4: parser error : Extra content at the end of the document
		 <span class="hide-xs" title="Size: M">(M)</span></button></p><div class="mod
		                                                               ^
unable to parse xc/04.06.xml.html
warning: failed to load external entity "-o"
unable to parse -o
xc/05.01.xml.html:4: parser error : Extra content at the end of the document
		 <span class="hide-xs" title="Size: S">(S)</span></button></p><div class="mod
		                                                               ^
unable to parse xc/05.01.xml.html
warning: failed to load external entity "-o"
unable to parse -o
xc/05.02.xml.html:4: parser error : Extra content at the end of the document
		 <span class="hide-xs" title="Size: S">(S)</span></button></p><div class="mod
		                                                               ^
unable to parse xc/05.02.xml.html
warning: failed to load external entity "-o"
unable to parse -o
xc/05.03.xml.html:4: parser error : Extra content at the end of the document
		 <span class="hide-xs" title="Size: S">(S)</span></button></p><div class="mod
		                                                               ^
unable to parse xc/05.03.xml.html
warning: failed to load external entity "-o"
unable to parse -o
xc/05.04.xml.html:4: parser error : Extra content at the end of the document
		 <span class="hide-xs" title="Size: S">(S)</span></button></p><div class="mod
		                                                               ^
unable to parse xc/05.04.xml.html
warning: failed to load external entity "-o"
unable to parse -o
xc/05.05.xml.html:4: parser error : Extra content at the end of the document
		 <span class="hide-xs" title="Size: S">(S)</span></button></p><div class="mod
		                                                               ^
unable to parse xc/05.05.xml.html
warning: failed to load external entity "-o"
unable to parse -o
xc/05.06.xml.html:4: parser error : Extra content at the end of the document
		 <span class="hide-xs" title="Size: S">(S)</span></button></p><div class="mod
		                                                               ^
unable to parse xc/05.06.xml.html
warning: failed to load external entity "-o"
unable to parse -o
xc/05.09.xml.html:4: parser error : Extra content at the end of the document
		 <span class="hide-xs" title="Size: L">(L)</span></button></p><div class="mod
		                                                               ^
unable to parse xc/05.09.xml.html
warning: failed to load external entity "-o"
unable to parse -o
xc/05.10.xml.html:4: parser error : Extra content at the end of the document
		 <span class="hide-xs" title="Size: M">(M)</span></button></p><div class="mod
		                                                               ^
unable to parse xc/05.10.xml.html
warning: failed to load external entity "-o"
unable to parse -o
xc/06.01.xml.html:4: parser error : Extra content at the end of the document
		 <span class="hide-xs" title="Size: S">(S)</span></button></p><div class="mod
		                                                               ^
unable to parse xc/06.01.xml.html
warning: failed to load external entity "-o"
unable to parse -o
xc/06.02.xml.html:4: parser error : Extra content at the end of the document
		 <span class="hide-xs" title="Size: S">(S)</span></button></p><div class="mod
		                                                               ^
unable to parse xc/06.02.xml.html
warning: failed to load external entity "-o"
unable to parse -o
xc/06.03.xml.html:4: parser error : Extra content at the end of the document
		 <span class="hide-xs" title="Size: S">(S)</span></button></p><div class="mod
		                                                               ^
unable to parse xc/06.03.xml.html
warning: failed to load external entity "-o"
unable to parse -o
xc/06.05.xml.html:4: parser error : Extra content at the end of the document
		 <span class="hide-xs" title="Size: M">(M)</span></button></p><div class="mod
		                                                               ^
unable to parse xc/06.05.xml.html
warning: failed to load external entity "-o"
unable to parse -o
xc/06.06.xml.html:4: parser error : Extra content at the end of the document
		 <span class="hide-xs" title="Size: S">(S)</span></button></p><div class="mod
		                                                               ^
unable to parse xc/06.06.xml.html
warning: failed to load external entity "-o"
unable to parse -o
xc/06.07.xml.html:4: parser error : Extra content at the end of the document
		 <span class="hide-xs" title="Size: M">(M)</span></button></p><div class="mod
		                                                               ^
unable to parse xc/06.07.xml.html
warning: failed to load external entity "-o"
unable to parse -o
xc/06.08.xml.html:4: parser error : Extra content at the end of the document
		 <span class="hide-xs" title="Size: M">(M)</span></button></p><div class="mod
		                                                               ^
unable to parse xc/06.08.xml.html
warning: failed to load external entity "-o"
unable to parse -o
xc/06.09.xml.html:4: parser error : Extra content at the end of the document
		 <span class="hide-xs" title="Size: L">(L)</span></button></p><div class="mod
		                                                               ^
unable to parse xc/06.09.xml.html
warning: failed to load external entity "-o"
unable to parse -o
xc/07.01.xml.html:4: parser error : Extra content at the end of the document
		 <span class="hide-xs" title="Size: S">(S)</span></button></p><div class="mod
		                                                               ^
unable to parse xc/07.01.xml.html
warning: failed to load external entity "-o"
unable to parse -o
xc/07.02.xml.html:4: parser error : Extra content at the end of the document
		 <span class="hide-xs" title="Size: S">(S)</span></button></p><div class="mod
		                                                               ^
unable to parse xc/07.02.xml.html
warning: failed to load external entity "-o"
unable to parse -o
xc/07.03.xml.html:4: parser error : Extra content at the end of the document
		 <span class="hide-xs" title="Size: S">(S)</span></button></p><div class="mod
		                                                               ^
unable to parse xc/07.03.xml.html
warning: failed to load external entity "-o"
unable to parse -o
xc/07.04.xml.html:4: parser error : Extra content at the end of the document
		 <span class="hide-xs" title="Size: S">(S)</span></button></p><div class="mod
		                                                               ^
unable to parse xc/07.04.xml.html
warning: failed to load external entity "-o"
unable to parse -o
xc/07.05.xml.html:4: parser error : Extra content at the end of the document
		 <span class="hide-xs" title="Size: M">(M)</span></button></p><div class="mod
		                                                               ^
unable to parse xc/07.05.xml.html
warning: failed to load external entity "-o"
unable to parse -o
xc/07.06.xml.html:4: parser error : Extra content at the end of the document
		 <span class="hide-xs" title="Size: L">(L)</span></button></p><div class="mod
		                                                               ^
unable to parse xc/07.06.xml.html
warning: failed to load external entity "-o"
unable to parse -o
xc/07.07.xml.html:4: parser error : Extra content at the end of the document
		 <span class="hide-xs" title="Size: S">(S)</span></button></p><div class="mod
		                                                               ^
unable to parse xc/07.07.xml.html
warning: failed to load external entity "-o"
unable to parse -o
xc/07.08.xml.html:4: parser error : Extra content at the end of the document
		 <span class="hide-xs" title="Size: M">(M)</span></button></p><div class="mod
		                                                               ^
unable to parse xc/07.08.xml.html
warning: failed to load external entity "-o"
unable to parse -o
xc/07.09.xml.html:4: parser error : Extra content at the end of the document
		 <span class="hide-xs" title="Size: M">(M)</span></button></p><div class="mod
		                                                               ^
unable to parse xc/07.09.xml.html
warning: failed to load external entity "-o"
unable to parse -o
xc/07.10.xml.html:4: parser error : Extra content at the end of the document
		 <span class="hide-xs" title="Size: L">(L)</span></button></p><div class="mod
		                                                               ^
unable to parse xc/07.10.xml.html
warning: failed to load external entity "-o"
unable to parse -o
xc/08.01.xml.html:4: parser error : Extra content at the end of the document
		 <span class="hide-xs" title="Size: S">(S)</span></button></p><div class="mod
		                                                               ^
unable to parse xc/08.01.xml.html
warning: failed to load external entity "-o"
unable to parse -o
xc/08.02.xml.html:4: parser error : Extra content at the end of the document
		 <span class="hide-xs" title="Size: S">(S)</span></button></p><div class="mod
		                                                               ^
unable to parse xc/08.02.xml.html
warning: failed to load external entity "-o"
unable to parse -o
xc/08.03.xml.html:4: parser error : Extra content at the end of the document
		 <span class="hide-xs" title="Size: S">(S)</span></button></p><div class="mod
		                                                               ^
unable to parse xc/08.03.xml.html
warning: failed to load external entity "-o"
unable to parse -o
xc/08.04.xml.html:4: parser error : Extra content at the end of the document
		 <span class="hide-xs" title="Size: M">(M)</span></button></p><div class="mod
		                                                               ^
unable to parse xc/08.04.xml.html
warning: failed to load external entity "-o"
unable to parse -o
xc/08.05.xml.html:4: parser error : Extra content at the end of the document
		 <span class="hide-xs" title="Size: M">(M)</span></button></p><div class="mod
		                                                               ^
unable to parse xc/08.05.xml.html
warning: failed to load external entity "-o"
unable to parse -o
xc/08.06.xml.html:4: parser error : Extra content at the end of the document
		 <span class="hide-xs" title="Size: L">(L)</span></button></p><div class="mod
		                                                               ^
unable to parse xc/08.06.xml.html
warning: failed to load external entity "-o"
unable to parse -o
xc/08.07.xml.html:4: parser error : Extra content at the end of the document
		 <span class="hide-xs" title="Size: M">(M)</span></button></p><div class="mod
		                                                               ^
unable to parse xc/08.07.xml.html
warning: failed to load external entity "-o"
unable to parse -o
xc/08.08.xml.html:4: parser error : Extra content at the end of the document
		 <span class="hide-xs" title="Size: M">(M)</span></button></p><div class="mod
		                                                               ^
unable to parse xc/08.08.xml.html
warning: failed to load external entity "-o"
unable to parse -o
xc/09.01.xml.html:4: parser error : Extra content at the end of the document
		 <span class="hide-xs" title="Size: S">(S)</span></button></p><div class="mod
		                                                               ^
unable to parse xc/09.01.xml.html
warning: failed to load external entity "-o"
unable to parse -o
xc/09.02.xml.html:4: parser error : Extra content at the end of the document
		 <span class="hide-xs" title="Size: S">(S)</span></button></p><div class="mod
		                                                               ^
unable to parse xc/09.02.xml.html
warning: failed to load external entity "-o"
unable to parse -o
xc/09.04.xml.html:4: parser error : Extra content at the end of the document
		 <span class="hide-xs" title="Size: S">(S)</span></button></p><div class="mod
		                                                               ^
unable to parse xc/09.04.xml.html
warning: failed to load external entity "-o"
unable to parse -o
xc/09.05.xml.html:4: parser error : Extra content at the end of the document
		 <span class="hide-xs" title="Size: M">(M)</span></button></p><div class="mod
		                                                               ^
unable to parse xc/09.05.xml.html
warning: failed to load external entity "-o"
unable to parse -o
xc/09.06.xml.html:4: parser error : Extra content at the end of the document
		 <span class="hide-xs" title="Size: M">(M)</span></button></p><div class="mod
		                                                               ^
unable to parse xc/09.06.xml.html
warning: failed to load external entity "-o"
unable to parse -o
xc/09.07.xml.html:4: parser error : Extra content at the end of the document
		 <span class="hide-xs" title="Size: M">(M)</span></button></p><div class="mod
		                                                               ^
unable to parse xc/09.07.xml.html
warning: failed to load external entity "-o"
unable to parse -o
xc/09.08.xml.html:4: parser error : Extra content at the end of the document
		 <span class="hide-xs" title="Size: L">(L)</span></button></p><div class="mod
		                                                               ^
unable to parse xc/09.08.xml.html
warning: failed to load external entity "-o"
unable to parse -o
xc/example.xml.html:4: parser error : Extra content at the end of the document
		 <span class="hide-xs" title="Size: S">(S)</span></button></p><div class="mod
		                                                               ^
unable to parse xc/example.xml.html
